Parameter file `User_Params' not found; using default parameters.
usage: {
  0:  0,  1:  0,  2:  0,  3:  0,  4:  0,  5:  0,  6:  0,  7:  0, 
  8:  0,  9:  0, 10:  0, 11:  0, 12:  0, 13:  0, 14:  0, 15:  0, 
 16:  0, 17:  0, 18:  0, 19:  0
}

host_usage: {
  0:  0,  1:  0,  2:  0,  3:  0,  4:  0,  5:  0,  6:  0,  7:  0, 
  8:  0,  9:  0, 10:  0, 11:  0, 12:  0, 13:  0, 14:  0, 15:  0, 
 16:  0, 17:  0, 18:  0, 19:  0
}

Graph input file: Host input file: Global partitioning method:
  (1) Multilevel-KL
  (2) Spectral
  (3) Inertial
  (4) Linear
  (5) Random
  (6) Scattered
  (7) Read-from-file
Global partitioning method:
  (1) Multilevel-KL
  (2) Spectral
  (3) Inertial
  (4) Linear
  (5) Random
  (6) Scattered
  (7) Read-from-file
Number of vertices to coarsen down to: Total number of target hypercube dimensions: Enter Capacity function for PM1: 
Capacity function for PM1: 0.000000 u^2 + 392.066800 u + -383.859711
Enter Capacity function for PM2: 
Capacity function for PM2: 0.000000 u^2 + 733.963700 u + -5547.230469
Enter Capacity function for PM3: 
Capacity function for PM3: 5.749800 u^2 + 449.099000 u + 4061.292725
Enter Capacity function for PM4: 
Capacity function for PM4: 4.459100 u^2 + 1267.184800 u + 948.392517
Partitioning dimension: 
  (1) Bisection
  (2) Quadrisection
host_percent (fscanf): {
  0:  1,  1:  1,  2:  1,  3:  1,  4:  1,  5:  3,  6:  1,  7:  1, 
  8:  3,  9:  3, 10:  5, 11:  3, 12:  5, 13:  1, 14:  1, 15:  1, 
 16:  1, 17:  1, 18:  1, 19:  3, 20:  1, 21:  1, 22:  1, 23:  1, 
 24:  1, 25:  1, 26:  3, 27:  5, 28:  1, 29:  3, 30:  1, 31:  1, 
 32:  1, 33:  1, 34:  1, 35:  1, 36:  1, 37:  1, 38:  1, 39:  1, 
 40:  1, 41:  1, 42:  7, 43:  1, 44:  1, 45:  1, 46:  1, 47:  3, 
 48:  1, 49:  1, 50:  1, 51:  1, 52:  1, 53:  3, 54:  3, 55:  1, 
 56:  1, 57:  1, 58:  7, 59:  1, 60:  1, 61:  1, 62:  1, 63:  1, 
 64:  1, 65:  1, 66:  1, 67:  1, 68:  1, 69:  1, 70:  1, 71:  1, 
 72:  1, 73:  1, 74:  1, 75:  1, 76:  1, 77:  1, 78:  1, 79:  1, 
 80:  1, 81:  1, 82:  1, 83:  1, 84:  1, 85:  1, 86:  1, 87:  1, 
 88:  1, 89:  1, 90:  1, 91:  1, 92:  5, 93:  1, 94:  1, 95:  1, 
 96:  1, 97:  1, 98:  3, 99:  1, 100:  1, 101:  1, 102:  1, 103:  1, 
 104:  1, 105:  1, 106:  1, 107:  1, 108:  1, 109:  1, 110:  1, 111:  1, 
 112:  1, 113:  1, 114:  1, 115:  1, 116:  1, 117:  1, 118:  1, 119:  1, 
 120:  1, 121:  1, 122:  1, 123:  1, 124:  1, 125:  1, 126:  1, 127:  1, 
 128:  1, 129:  1, 130:  1, 131:  1, 132:  1, 133:  1, 134:  1, 135:  3, 
 136:  1, 137:  1, 138:  3, 139:  1, 140:  1, 141:  1, 142:  1, 143:  1, 
 144:  1, 145:  1, 146:  1, 147:  1, 148:  1, 149:  3, 150:  1, 151:  1, 
 152:  3, 153:  1, 154:  1, 155:  1, 156:  1, 157:  1, 158:  1, 159:  1, 
 160:  1, 161:  1, 162:  1, 163:  1, 164:  1, 165:  1, 166:  1, 167:  1, 
 168:  1, 169:  3, 170:  1, 171:  1, 172:  1, 173:  1, 174:  1, 175:  1, 
 176:  1, 177:  1, 178:  1, 179:  1, 180:  1, 181:  1, 182:  1, 183:  1, 
 184:  1, 185:  1, 186:  1, 187:  1, 188:  1, 189:  1, 190:  1, 191:  1, 
 192:  1, 193:  1, 194:  1, 195:  5, 196:  1, 197:  1, 198:  1, 199:  1, 
 200:  3, 201:  1, 202:  1, 203:  3, 204:  1, 205:  1, 206:  5, 207:  1, 
 208:  1, 209:  1, 210:  1, 211:  1, 212:  1, 213:  1, 214:  1, 215:  1, 
 216:  1, 217:  1, 218:  1, 219:  1, 220:  1, 221:  1, 222:  1, 223:  1, 
 224:  1, 225:  1, 226:  1, 227:  1, 228:  1, 229:  1, 230:  1, 231:  1, 
 232:  1, 233:  1, 234:  1, 235:  1, 236:  1, 237:  1, 238:  1, 239:  1, 
 240:  5, 241:  1, 242:  1, 243:  1, 244:  1, 245:  1, 246:  1, 247:  1, 
 248:  1, 249:  1, 250:  1, 251:  1, 252:  1, 253:  1, 254:  1, 255:  1, 
 256:  1, 257:  3, 258:  1, 259:  1, 260:  1, 261:  1, 262:  1, 263:  1, 
 264:  7, 265:  1, 266:  1, 267:  1, 268:  7, 269:  1, 270:  1, 271:  1, 
 272:  1, 273:  1, 274:  1, 275:  1, 276:  1, 277:  1, 278:  1, 279:  1, 
 280:  1, 281:  1, 282:  1, 283:  1, 284:  1, 285:  1, 286:  1, 287:  1, 
 288:  1, 289:  1, 290:  1, 291:  1, 292:  1, 293:  1, 294:  1, 295:  1, 
 296:  1, 297:  1, 298:  1, 299:  1, 300:  1, 301:  1, 302:  1, 303:  1, 
 304:  1, 305:  1, 306:  1, 307:  3, 308:  1, 309:  1, 310:  1, 311:  1, 
 312:  1, 313:  1, 314:  1, 315:  1, 316:  1, 317:  1
}

assignment (input_assign): {
  0:  0,  1:  0,  2:  0,  3:  0,  4:  0,  5:  0,  6:  0,  7:  0, 
  8:  0,  9:  0, 10:  0, 11:  0, 12:  0, 13:  0, 14:  0, 15:  0, 
 16:  0, 17:  0, 18:  0, 19:  0, 20:  0, 21:  0, 22:  0, 23:  0, 
 24:  0, 25:  0, 26:  0, 27:  0, 28:  0, 29:  0, 30:  0, 31:  0, 
 32:  0, 33:  0, 34:  0, 35:  0, 36:  0, 37:  0, 38:  0, 39:  0, 
 40:  0, 41:  0, 42:  0, 43:  0, 44:  0, 45:  0, 46:  0, 47:  0, 
 48:  0, 49:  0, 50:  0, 51:  0, 52:  0, 53:  0, 54:  0, 55:  0, 
 56:  0, 57:  0, 58:  0, 59:  0, 60:  0, 61:  0, 62:  0, 63:  0, 
 64:  0, 65:  0, 66:  0, 67:  0, 68:  0, 69:  0, 70:  0, 71:  0, 
 72:  0, 73:  0, 74:  0, 75:  0, 76:  0, 77:  0, 78:  0, 79:  0, 
 80:  0, 81:  0, 82:  0, 83:  0, 84:  0, 85:  0, 86:  0, 87:  0, 
 88:  0, 89:  0, 90:  0, 91:  0, 92:  0, 93:  0, 94:  0, 95:  0, 
 96:  0, 97:  0, 98:  0, 99:  0, 100:  0, 101:  0, 102:  0, 103:  0, 
 104:  0, 105:  0, 106:  0, 107:  0, 108:  0, 109:  0, 110:  0, 111:  0, 
 112:  0, 113:  0, 114:  0, 115:  0, 116:  0, 117:  0, 118:  0, 119:  0, 
 120:  0, 121:  0, 122:  0, 123:  0, 124:  0, 125:  0, 126:  0, 127:  0, 
 128:  0, 129:  0, 130:  0, 131:  0, 132:  0, 133:  0, 134:  0, 135:  0, 
 136:  0, 137:  0, 138:  0, 139:  0, 140:  0, 141:  0, 142:  0, 143:  0, 
 144:  0, 145:  0, 146:  0, 147:  0, 148:  0, 149:  0, 150:  0, 151:  0, 
 152:  0, 153:  0, 154:  0, 155:  0, 156:  0, 157:  0, 158:  0, 159:  0, 
 160:  0, 161:  0, 162:  0, 163:  0, 164:  0, 165:  0, 166:  0, 167:  0, 
 168:  0, 169:  0, 170:  0, 171:  0, 172:  0, 173:  0, 174:  0, 175:  0, 
 176:  0, 177:  0, 178:  0, 179:  0, 180:  0, 181:  0, 182:  0, 183:  0, 
 184:  0, 185:  0, 186:  0, 187:  0, 188:  0, 189:  0, 190:  0, 191:  0, 
 192:  0, 193:  0, 194:  0, 195:  0, 196:  0, 197:  0, 198:  0, 199:  0, 
 200:  0, 201:  0, 202:  0, 203:  0, 204:  0, 205:  0, 206:  0, 207:  0, 
 208:  0, 209:  0, 210:  0, 211:  0, 212:  0, 213:  0, 214:  0, 215:  0, 
 216:  0, 217:  0, 218:  0, 219:  0, 220:  0, 221:  0, 222:  0, 223:  0, 
 224:  0, 225:  0, 226:  0, 227:  0, 228:  0, 229:  0, 230:  0, 231:  0, 
 232:  0, 233:  0, 234:  0, 235:  0, 236:  0, 237:  0, 238:  0, 239:  0, 
 240:  0, 241:  0, 242:  0, 243:  0, 244:  0, 245:  0, 246:  0, 247:  0, 
 248:  0, 249:  0, 250:  0, 251:  0, 252:  0, 253:  0, 254:  0, 255:  0, 
 256:  0, 257:  0, 258:  0, 259:  0, 260:  0, 261:  0, 262:  0, 263:  0, 
 264:  0, 265:  0, 266:  0, 267:  0, 268:  0, 269:  0, 270:  0, 271:  0, 
 272:  0, 273:  0, 274:  0, 275:  0, 276:  0, 277:  0, 278:  0, 279:  0, 
 280:  0, 281:  0, 282:  0, 283:  0, 284:  0, 285:  0, 286:  0, 287:  0, 
 288:  0, 289:  0, 290:  0, 291:  0, 292:  0, 293:  0, 294:  0, 295:  0, 
 296:  0, 297:  0, 298:  0, 299:  0, 300:  0, 301:  0, 302:  0, 303:  0, 
 304:  0, 305:  0, 306:  0, 307:  0, 308:  0, 309:  0, 310:  0, 311:  0, 
 312:  0, 313:  0, 314:  0, 315:  0, 316:  0, 317:  0
}

# of PMs: 4
usage (averaged): {
  0: 10,  1: 10,  2: 10,  3: 10
}

set_capa (switch capacity): {
  0: 3536,  1: 1792,  2: 9127,  3: 14066
}

Siyuan: vwgt_sum: 23080.000000, nsets_tot: 4
Siyuan: Total capacity: 28521.000000
 Set goals:
	goal[0]: 0.000000
	goal[1]: 0.000000
	goal[2]: 9014.000000
	goal[3]: 14066.000000

Graph file: `1221.r0.cch.abr.graph', # vertices = 318, # edges = 758
Global method: Multilevel-KL
Number of vertices to coarsen down to: 192
Eigen tolerance: 0.001
Local method: Kernighan-Lin
Partitioning target: 2-dimensional hypercube
Partitioning mode: Quadrisection
Random seed: 7654321
Active Parameters:
  CHECK_INPUT = True
  LANCZOS_TYPE:  Selective orthogonalization
  EIGEN_TOLERANCE = 0.001
  SRESTOL = -1 ... autoset to square of eigen tolerance
  LANCZOS_MAXITNS = -1 ... autoset to twice # vertices
  LANCZOS_SO_PRECISION = 2 ... double precision
  LANCZOS_SO_INTERVAL = 10
  LANCZOS_CONVERGENCE_MODE = 0 ... residual tolerance
  BISECTION_SAFETY = 10
  LANCZOS_TIME = 0 ... no detailed timing
  WARNING_EVECS = 2
  MAPPING_TYPE = 1 ... min-cost assignment
  MAKE_CONNECTED = True
  PERTURB = True
    NPERTURB = 2
    PERTURB_MAX = 0.003
  COARSEN_RATIO_MIN = 0.7
  COARSE_NLEVEL_KL = 2
  MATCH_TYPE = 1
  HEAVY_MATCH = False
  COARSE_KL_BOTTOM = True
  COARSEN_VWGTS = True
  COARSEN_EWGTS = True
  KL_ONLY_BNDY = True
  KL_RANDOM = True
  KL_METRIC = Hops
  KL_NTRIES_BAD = 1
  KL_BAD_MOVES = 20
  KL_UNDO_LIST = True
  KL_IMBALANCE = 0
  TERM_PROP = False
  OUTPUT_METRICS = 2
  MAKE_VWGTS = False
  REFINE_MAP = False
  REFINE_PARTITION = 0
  INTERNAL_VERTICES = False
  DEBUG_PARAMS = 2

WARNING: Coarsening not making enough progress, nvtxs = 318, cnvtxs = 240.
         Recursive coarsening being stopped prematurely.

After level 1  (nsets = 4):

                            Total      Max/Set      Min/Set
                            -----      -------      -------
Set Size:                   23080        13600          160
Edge Cuts:                    610          480          130
Hypercube Hops:               610          480          130
Boundary Vertices:             42           15            4
Boundary Vertex Hops:          42           15            4
Adjacent Sets:                  8            2            2
Internal Vertices:          15940        10530           10

Size of all sets:
470 160 8850 13600 

~~~~~~~~~~~~~~partitioning finished~~~~~~~~~~~~~~~~~~
host_percent (after partition): {
  0:  1,  1:  1,  2:  1,  3:  1,  4:  1,  5:  3,  6:  1,  7:  1, 
  8:  3,  9:  3, 10:  5, 11:  3, 12:  5, 13:  1, 14:  1, 15:  1, 
 16:  1, 17:  1, 18:  1, 19:  3, 20:  1, 21:  1, 22:  1, 23:  1, 
 24:  1, 25:  1, 26:  3, 27:  5, 28:  1, 29:  3, 30:  1, 31:  1, 
 32:  1, 33:  1, 34:  1, 35:  1, 36:  1, 37:  1, 38:  1, 39:  1, 
 40:  1, 41:  1, 42:  7, 43:  1, 44:  1, 45:  1, 46:  1, 47:  3, 
 48:  1, 49:  1, 50:  1, 51:  1, 52:  1, 53:  3, 54:  3, 55:  1, 
 56:  1, 57:  1, 58:  7, 59:  1, 60:  1, 61:  1, 62:  1, 63:  1, 
 64:  1, 65:  1, 66:  1, 67:  1, 68:  1, 69:  1, 70:  1, 71:  1, 
 72:  1, 73:  1, 74:  1, 75:  1, 76:  1, 77:  1, 78:  1, 79:  1, 
 80:  1, 81:  1, 82:  1, 83:  1, 84:  1, 85:  1, 86:  1, 87:  1, 
 88:  1, 89:  1, 90:  1, 91:  1, 92:  5, 93:  1, 94:  1, 95:  1, 
 96:  1, 97:  1, 98:  3, 99:  1, 100:  1, 101:  1, 102:  1, 103:  1, 
 104:  1, 105:  1, 106:  1, 107:  1, 108:  1, 109:  1, 110:  1, 111:  1, 
 112:  1, 113:  1, 114:  1, 115:  1, 116:  1, 117:  1, 118:  1, 119:  1, 
 120:  1, 121:  1, 122:  1, 123:  1, 124:  1, 125:  1, 126:  1, 127:  1, 
 128:  1, 129:  1, 130:  1, 131:  1, 132:  1, 133:  1, 134:  1, 135:  3, 
 136:  1, 137:  1, 138:  3, 139:  1, 140:  1, 141:  1, 142:  1, 143:  1, 
 144:  1, 145:  1, 146:  1, 147:  1, 148:  1, 149:  3, 150:  1, 151:  1, 
 152:  3, 153:  1, 154:  1, 155:  1, 156:  1, 157:  1, 158:  1, 159:  1, 
 160:  1, 161:  1, 162:  1, 163:  1, 164:  1, 165:  1, 166:  1, 167:  1, 
 168:  1, 169:  3, 170:  1, 171:  1, 172:  1, 173:  1, 174:  1, 175:  1, 
 176:  1, 177:  1, 178:  1, 179:  1, 180:  1, 181:  1, 182:  1, 183:  1, 
 184:  1, 185:  1, 186:  1, 187:  1, 188:  1, 189:  1, 190:  1, 191:  1, 
 192:  1, 193:  1, 194:  1, 195:  5, 196:  1, 197:  1, 198:  1, 199:  1, 
 200:  3, 201:  1, 202:  1, 203:  3, 204:  1, 205:  1, 206:  5, 207:  1, 
 208:  1, 209:  1, 210:  1, 211:  1, 212:  1, 213:  1, 214:  1, 215:  1, 
 216:  1, 217:  1, 218:  1, 219:  1, 220:  1, 221:  1, 222:  1, 223:  1, 
 224:  1, 225:  1, 226:  1, 227:  1, 228:  1, 229:  1, 230:  1, 231:  1, 
 232:  1, 233:  1, 234:  1, 235:  1, 236:  1, 237:  1, 238:  1, 239:  1, 
 240:  5, 241:  1, 242:  1, 243:  1, 244:  1, 245:  1, 246:  1, 247:  1, 
 248:  1, 249:  1, 250:  1, 251:  1, 252:  1, 253:  1, 254:  1, 255:  1, 
 256:  1, 257:  3, 258:  1, 259:  1, 260:  1, 261:  1, 262:  1, 263:  1, 
 264:  7, 265:  1, 266:  1, 267:  1, 268:  7, 269:  1, 270:  1, 271:  1, 
 272:  1, 273:  1, 274:  1, 275:  1, 276:  1, 277:  1, 278:  1, 279:  1, 
 280:  1, 281:  1, 282:  1, 283:  1, 284:  1, 285:  1, 286:  1, 287:  1, 
 288:  1, 289:  1, 290:  1, 291:  1, 292:  1, 293:  1, 294:  1, 295:  1, 
 296:  1, 297:  1, 298:  1, 299:  1, 300:  1, 301:  1, 302:  1, 303:  1, 
 304:  1, 305:  1, 306:  1, 307:  3, 308:  1, 309:  1, 310:  1, 311:  1, 
 312:  1, 313:  1, 314:  1, 315:  1, 316:  1, 317:  1
}

assignment (after partition): {
  0:  3,  1:  2,  2:  3,  3:  2,  4:  2,  5:  2,  6:  3,  7:  3, 
  8:  3,  9:  2, 10:  2, 11:  3, 12:  3, 13:  3, 14:  3, 15:  3, 
 16:  3, 17:  3, 18:  3, 19:  3, 20:  3, 21:  3, 22:  3, 23:  3, 
 24:  3, 25:  3, 26:  3, 27:  3, 28:  3, 29:  3, 30:  3, 31:  3, 
 32:  3, 33:  3, 34:  3, 35:  3, 36:  3, 37:  3, 38:  3, 39:  3, 
 40:  3, 41:  3, 42:  3, 43:  3, 44:  3, 45:  2, 46:  3, 47:  3, 
 48:  3, 49:  2, 50:  2, 51:  3, 52:  1, 53:  3, 54:  3, 55:  2, 
 56:  2, 57:  2, 58:  2, 59:  2, 60:  2, 61:  3, 62:  3, 63:  3, 
 64:  3, 65:  3, 66:  3, 67:  3, 68:  3, 69:  3, 70:  3, 71:  3, 
 72:  3, 73:  2, 74:  2, 75:  3, 76:  2, 77:  2, 78:  2, 79:  3, 
 80:  3, 81:  3, 82:  2, 83:  2, 84:  3, 85:  3, 86:  2, 87:  2, 
 88:  2, 89:  3, 90:  3, 91:  2, 92:  2, 93:  2, 94:  1, 95:  3, 
 96:  3, 97:  3, 98:  3, 99:  3, 100:  1, 101:  0, 102:  1, 103:  3, 
 104:  1, 105:  2, 106:  3, 107:  3, 108:  3, 109:  3, 110:  2, 111:  2, 
 112:  1, 113:  3, 114:  3, 115:  3, 116:  3, 117:  3, 118:  3, 119:  3, 
 120:  3, 121:  3, 122:  2, 123:  3, 124:  3, 125:  3, 126:  3, 127:  3, 
 128:  3, 129:  2, 130:  2, 131:  2, 132:  2, 133:  2, 134:  2, 135:  2, 
 136:  2, 137:  2, 138:  3, 139:  3, 140:  3, 141:  1, 142:  3, 143:  3, 
 144:  3, 145:  3, 146:  0, 147:  1, 148:  3, 149:  3, 150:  3, 151:  3, 
 152:  2, 153:  3, 154:  3, 155:  3, 156:  3, 157:  3, 158:  3, 159:  3, 
 160:  3, 161:  3, 162:  3, 163:  3, 164:  3, 165:  2, 166:  3, 167:  3, 
 168:  3, 169:  3, 170:  2, 171:  3, 172:  2, 173:  2, 174:  2, 175:  3, 
 176:  3, 177:  3, 178:  3, 179:  3, 180:  3, 181:  3, 182:  3, 183:  3, 
 184:  3, 185:  3, 186:  3, 187:  3, 188:  3, 189:  3, 190:  2, 191:  3, 
 192:  3, 193:  2, 194:  3, 195:  2, 196:  3, 197:  3, 198:  3, 199:  3, 
 200:  3, 201:  3, 202:  3, 203:  3, 204:  3, 205:  1, 206:  3, 207:  3, 
 208:  3, 209:  3, 210:  3, 211:  3, 212:  2, 213:  3, 214:  0, 215:  0, 
 216:  1, 217:  1, 218:  0, 219:  2, 220:  3, 221:  3, 222:  2, 223:  2, 
 224:  2, 225:  2, 226:  2, 227:  2, 228:  2, 229:  2, 230:  3, 231:  3, 
 232:  3, 233:  2, 234:  2, 235:  3, 236:  2, 237:  1, 238:  3, 239:  2, 
 240:  3, 241:  3, 242:  3, 243:  3, 244:  3, 245:  3, 246:  3, 247:  3, 
 248:  2, 249:  3, 250:  3, 251:  3, 252:  1, 253:  3, 254:  2, 255:  2, 
 256:  2, 257:  3, 258:  3, 259:  3, 260:  3, 261:  3, 262:  2, 263:  2, 
 264:  2, 265:  2, 266:  2, 267:  3, 268:  2, 269:  2, 270:  2, 271:  2, 
 272:  3, 273:  3, 274:  2, 275:  3, 276:  3, 277:  3, 278:  3, 279:  3, 
 280:  3, 281:  3, 282:  3, 283:  3, 284:  3, 285:  3, 286:  3, 287:  3, 
 288:  3, 289:  3, 290:  3, 291:  3, 292:  3, 293:  3, 294:  1, 295:  0, 
 296:  3, 297:  3, 298:  1, 299:  3, 300:  3, 301:  3, 302:  3, 303:  3, 
 304:  3, 305:  3, 306:  3, 307:  3, 308:  3, 309:  3, 310:  3, 311:  2, 
 312:  2, 313:  3, 314:  2, 315:  2, 316:  2, 317:  2
}

is_pm_disabled (after partitioning): {
  0:  1,  1:  1,  2:  0,  3:  0
}

Warning: host 52 is assigned to disabled PM #1. Move it to 2.
Warning: host 94 is assigned to disabled PM #1. Move it to 2.
Warning: host 100 is assigned to disabled PM #1. Move it to 2.
Warning: host 101 is assigned to disabled PM #0. Move it to 2.
Warning: host 102 is assigned to disabled PM #1. Move it to 2.
Warning: host 104 is assigned to disabled PM #1. Move it to 2.
Warning: host 112 is assigned to disabled PM #1. Move it to 2.
Warning: host 141 is assigned to disabled PM #1. Move it to 2.
Warning: host 146 is assigned to disabled PM #0. Move it to 2.
Warning: host 147 is assigned to disabled PM #1. Move it to 2.
Warning: host 205 is assigned to disabled PM #1. Move it to 2.
Warning: host 214 is assigned to disabled PM #0. Move it to 2.
Warning: host 215 is assigned to disabled PM #0. Move it to 2.
Warning: host 216 is assigned to disabled PM #1. Move it to 2.
Warning: host 217 is assigned to disabled PM #1. Move it to 2.
Warning: host 218 is assigned to disabled PM #0. Move it to 2.
Warning: host 237 is assigned to disabled PM #1. Move it to 2.
Warning: host 252 is assigned to disabled PM #1. Move it to 2.
Warning: host 294 is assigned to disabled PM #1. Move it to 2.
Warning: host 295 is assigned to disabled PM #0. Move it to 2.
Warning: host 298 is assigned to disabled PM #1. Move it to 2.
host_usage (updated): {
  0:  0,  1:  0,  2: 143,  3: 267,  4:  0,  5:  0,  6:  0,  7:  0, 
  8:  0,  9:  0, 10:  0, 11:  0, 12:  0, 13:  0, 14:  0, 15:  0, 
 16:  0, 17:  0, 18:  0, 19:  0
}

PM 0 is disabled in this iteration.

PM 1 is disabled in this iteration.

PM 2 is over-utilized. Its CPU usage is 143 + 10 = 153.
  |- Accum. usage=10.00, New usage=10.00, Next usage=10.

PM 3 is over-utilized. Its CPU usage is 267 + 10 = 277.
  |- Accum. usage=10.00, New usage=10.00, Next usage=10.

usage (updated): {
  0: 10,  1: 10,  2: 10,  3: 10
}

set_capa (switch capacity): {
  0: 3536,  1: 1792,  2: 9127,  3: 14066
}

Siyuan: vwgt_sum: 23080.000000, nsets_tot: 4
Siyuan: Total capacity: 28521.000000
 Set goals:
	goal[0]: 0.000000
	goal[1]: 0.000000
	goal[2]: 9014.000000
	goal[3]: 14066.000000

Graph file: `1221.r0.cch.abr.graph', # vertices = 318, # edges = 758
Global method: Multilevel-KL
Number of vertices to coarsen down to: 192
Eigen tolerance: 0.001
Local method: Kernighan-Lin
Partitioning target: 2-dimensional hypercube
Partitioning mode: Quadrisection
Random seed: 7654321
Active Parameters:
  CHECK_INPUT = True
  LANCZOS_TYPE:  Selective orthogonalization
  EIGEN_TOLERANCE = 0.001
  SRESTOL = -1 ... autoset to square of eigen tolerance
  LANCZOS_MAXITNS = -1 ... autoset to twice # vertices
  LANCZOS_SO_PRECISION = 2 ... double precision
  LANCZOS_SO_INTERVAL = 10
  LANCZOS_CONVERGENCE_MODE = 0 ... residual tolerance
  BISECTION_SAFETY = 10
  LANCZOS_TIME = 0 ... no detailed timing
  WARNING_EVECS = 2
  MAPPING_TYPE = 1 ... min-cost assignment
  MAKE_CONNECTED = True
  PERTURB = True
    NPERTURB = 2
    PERTURB_MAX = 0.003
  COARSEN_RATIO_MIN = 0.7
  COARSE_NLEVEL_KL = 2
  MATCH_TYPE = 1
  HEAVY_MATCH = False
  COARSE_KL_BOTTOM = True
  COARSEN_VWGTS = True
  COARSEN_EWGTS = True
  KL_ONLY_BNDY = True
  KL_RANDOM = True
  KL_METRIC = Hops
  KL_NTRIES_BAD = 1
  KL_BAD_MOVES = 20
  KL_UNDO_LIST = True
  KL_IMBALANCE = 0
  TERM_PROP = False
  OUTPUT_METRICS = 2
  MAKE_VWGTS = False
  REFINE_MAP = False
  REFINE_PARTITION = 0
  INTERNAL_VERTICES = False
  DEBUG_PARAMS = 2

WARNING: Coarsening not making enough progress, nvtxs = 318, cnvtxs = 240.
         Recursive coarsening being stopped prematurely.

After level 1  (nsets = 4):

                            Total      Max/Set      Min/Set
                            -----      -------      -------
Set Size:                   23080        13600          160
Edge Cuts:                    610          480          130
Hypercube Hops:               610          480          130
Boundary Vertices:             42           15            4
Boundary Vertex Hops:          42           15            4
Adjacent Sets:                  8            2            2
Internal Vertices:          15940        10530           10

Size of all sets:
470 160 8850 13600 


Total time: 0.004 sec.
  partitioning 0.004

KL time: 0.004 sec.
  nway refinement 0.004
    bucket sorting 0.004
~~~~~~~~~~~~~~partitioning finished~~~~~~~~~~~~~~~~~~
host_percent (after partition): {
  0:  1,  1:  1,  2:  1,  3:  1,  4:  1,  5:  3,  6:  1,  7:  1, 
  8:  3,  9:  3, 10:  5, 11:  3, 12:  5, 13:  1, 14:  1, 15:  1, 
 16:  1, 17:  1, 18:  1, 19:  3, 20:  1, 21:  1, 22:  1, 23:  1, 
 24:  1, 25:  1, 26:  3, 27:  5, 28:  1, 29:  3, 30:  1, 31:  1, 
 32:  1, 33:  1, 34:  1, 35:  1, 36:  1, 37:  1, 38:  1, 39:  1, 
 40:  1, 41:  1, 42:  7, 43:  1, 44:  1, 45:  1, 46:  1, 47:  3, 
 48:  1, 49:  1, 50:  1, 51:  1, 52:  1, 53:  3, 54:  3, 55:  1, 
 56:  1, 57:  1, 58:  7, 59:  1, 60:  1, 61:  1, 62:  1, 63:  1, 
 64:  1, 65:  1, 66:  1, 67:  1, 68:  1, 69:  1, 70:  1, 71:  1, 
 72:  1, 73:  1, 74:  1, 75:  1, 76:  1, 77:  1, 78:  1, 79:  1, 
 80:  1, 81:  1, 82:  1, 83:  1, 84:  1, 85:  1, 86:  1, 87:  1, 
 88:  1, 89:  1, 90:  1, 91:  1, 92:  5, 93:  1, 94:  1, 95:  1, 
 96:  1, 97:  1, 98:  3, 99:  1, 100:  1, 101:  1, 102:  1, 103:  1, 
 104:  1, 105:  1, 106:  1, 107:  1, 108:  1, 109:  1, 110:  1, 111:  1, 
 112:  1, 113:  1, 114:  1, 115:  1, 116:  1, 117:  1, 118:  1, 119:  1, 
 120:  1, 121:  1, 122:  1, 123:  1, 124:  1, 125:  1, 126:  1, 127:  1, 
 128:  1, 129:  1, 130:  1, 131:  1, 132:  1, 133:  1, 134:  1, 135:  3, 
 136:  1, 137:  1, 138:  3, 139:  1, 140:  1, 141:  1, 142:  1, 143:  1, 
 144:  1, 145:  1, 146:  1, 147:  1, 148:  1, 149:  3, 150:  1, 151:  1, 
 152:  3, 153:  1, 154:  1, 155:  1, 156:  1, 157:  1, 158:  1, 159:  1, 
 160:  1, 161:  1, 162:  1, 163:  1, 164:  1, 165:  1, 166:  1, 167:  1, 
 168:  1, 169:  3, 170:  1, 171:  1, 172:  1, 173:  1, 174:  1, 175:  1, 
 176:  1, 177:  1, 178:  1, 179:  1, 180:  1, 181:  1, 182:  1, 183:  1, 
 184:  1, 185:  1, 186:  1, 187:  1, 188:  1, 189:  1, 190:  1, 191:  1, 
 192:  1, 193:  1, 194:  1, 195:  5, 196:  1, 197:  1, 198:  1, 199:  1, 
 200:  3, 201:  1, 202:  1, 203:  3, 204:  1, 205:  1, 206:  5, 207:  1, 
 208:  1, 209:  1, 210:  1, 211:  1, 212:  1, 213:  1, 214:  1, 215:  1, 
 216:  1, 217:  1, 218:  1, 219:  1, 220:  1, 221:  1, 222:  1, 223:  1, 
 224:  1, 225:  1, 226:  1, 227:  1, 228:  1, 229:  1, 230:  1, 231:  1, 
 232:  1, 233:  1, 234:  1, 235:  1, 236:  1, 237:  1, 238:  1, 239:  1, 
 240:  5, 241:  1, 242:  1, 243:  1, 244:  1, 245:  1, 246:  1, 247:  1, 
 248:  1, 249:  1, 250:  1, 251:  1, 252:  1, 253:  1, 254:  1, 255:  1, 
 256:  1, 257:  3, 258:  1, 259:  1, 260:  1, 261:  1, 262:  1, 263:  1, 
 264:  7, 265:  1, 266:  1, 267:  1, 268:  7, 269:  1, 270:  1, 271:  1, 
 272:  1, 273:  1, 274:  1, 275:  1, 276:  1, 277:  1, 278:  1, 279:  1, 
 280:  1, 281:  1, 282:  1, 283:  1, 284:  1, 285:  1, 286:  1, 287:  1, 
 288:  1, 289:  1, 290:  1, 291:  1, 292:  1, 293:  1, 294:  1, 295:  1, 
 296:  1, 297:  1, 298:  1, 299:  1, 300:  1, 301:  1, 302:  1, 303:  1, 
 304:  1, 305:  1, 306:  1, 307:  3, 308:  1, 309:  1, 310:  1, 311:  1, 
 312:  1, 313:  1, 314:  1, 315:  1, 316:  1, 317:  1
}

assignment (after partition): {
  0:  3,  1:  2,  2:  3,  3:  2,  4:  2,  5:  2,  6:  3,  7:  3, 
  8:  3,  9:  2, 10:  2, 11:  3, 12:  3, 13:  3, 14:  3, 15:  3, 
 16:  3, 17:  3, 18:  3, 19:  3, 20:  3, 21:  3, 22:  3, 23:  3, 
 24:  3, 25:  3, 26:  3, 27:  3, 28:  3, 29:  3, 30:  3, 31:  3, 
 32:  3, 33:  3, 34:  3, 35:  3, 36:  3, 37:  3, 38:  3, 39:  3, 
 40:  3, 41:  3, 42:  3, 43:  3, 44:  3, 45:  2, 46:  3, 47:  3, 
 48:  3, 49:  2, 50:  2, 51:  3, 52:  1, 53:  3, 54:  3, 55:  2, 
 56:  2, 57:  2, 58:  2, 59:  2, 60:  2, 61:  3, 62:  3, 63:  3, 
 64:  3, 65:  3, 66:  3, 67:  3, 68:  3, 69:  3, 70:  3, 71:  3, 
 72:  3, 73:  2, 74:  2, 75:  3, 76:  2, 77:  2, 78:  2, 79:  3, 
 80:  3, 81:  3, 82:  2, 83:  2, 84:  3, 85:  3, 86:  2, 87:  2, 
 88:  2, 89:  3, 90:  3, 91:  2, 92:  2, 93:  2, 94:  1, 95:  3, 
 96:  3, 97:  3, 98:  3, 99:  3, 100:  1, 101:  0, 102:  1, 103:  3, 
 104:  1, 105:  2, 106:  3, 107:  3, 108:  3, 109:  3, 110:  2, 111:  2, 
 112:  1, 113:  3, 114:  3, 115:  3, 116:  3, 117:  3, 118:  3, 119:  3, 
 120:  3, 121:  3, 122:  2, 123:  3, 124:  3, 125:  3, 126:  3, 127:  3, 
 128:  3, 129:  2, 130:  2, 131:  2, 132:  2, 133:  2, 134:  2, 135:  2, 
 136:  2, 137:  2, 138:  3, 139:  3, 140:  3, 141:  1, 142:  3, 143:  3, 
 144:  3, 145:  3, 146:  0, 147:  1, 148:  3, 149:  3, 150:  3, 151:  3, 
 152:  2, 153:  3, 154:  3, 155:  3, 156:  3, 157:  3, 158:  3, 159:  3, 
 160:  3, 161:  3, 162:  3, 163:  3, 164:  3, 165:  2, 166:  3, 167:  3, 
 168:  3, 169:  3, 170:  2, 171:  3, 172:  2, 173:  2, 174:  2, 175:  3, 
 176:  3, 177:  3, 178:  3, 179:  3, 180:  3, 181:  3, 182:  3, 183:  3, 
 184:  3, 185:  3, 186:  3, 187:  3, 188:  3, 189:  3, 190:  2, 191:  3, 
 192:  3, 193:  2, 194:  3, 195:  2, 196:  3, 197:  3, 198:  3, 199:  3, 
 200:  3, 201:  3, 202:  3, 203:  3, 204:  3, 205:  1, 206:  3, 207:  3, 
 208:  3, 209:  3, 210:  3, 211:  3, 212:  2, 213:  3, 214:  0, 215:  0, 
 216:  1, 217:  1, 218:  0, 219:  2, 220:  3, 221:  3, 222:  2, 223:  2, 
 224:  2, 225:  2, 226:  2, 227:  2, 228:  2, 229:  2, 230:  3, 231:  3, 
 232:  3, 233:  2, 234:  2, 235:  3, 236:  2, 237:  1, 238:  3, 239:  2, 
 240:  3, 241:  3, 242:  3, 243:  3, 244:  3, 245:  3, 246:  3, 247:  3, 
 248:  2, 249:  3, 250:  3, 251:  3, 252:  1, 253:  3, 254:  2, 255:  2, 
 256:  2, 257:  3, 258:  3, 259:  3, 260:  3, 261:  3, 262:  2, 263:  2, 
 264:  2, 265:  2, 266:  2, 267:  3, 268:  2, 269:  2, 270:  2, 271:  2, 
 272:  3, 273:  3, 274:  2, 275:  3, 276:  3, 277:  3, 278:  3, 279:  3, 
 280:  3, 281:  3, 282:  3, 283:  3, 284:  3, 285:  3, 286:  3, 287:  3, 
 288:  3, 289:  3, 290:  3, 291:  3, 292:  3, 293:  3, 294:  1, 295:  0, 
 296:  3, 297:  3, 298:  1, 299:  3, 300:  3, 301:  3, 302:  3, 303:  3, 
 304:  3, 305:  3, 306:  3, 307:  3, 308:  3, 309:  3, 310:  3, 311:  2, 
 312:  2, 313:  3, 314:  2, 315:  2, 316:  2, 317:  2
}

is_pm_disabled (after partitioning): {
  0:  1,  1:  1,  2:  0,  3:  0
}

Warning: host 52 is assigned to disabled PM #1. Move it to 2.
Warning: host 94 is assigned to disabled PM #1. Move it to 2.
Warning: host 100 is assigned to disabled PM #1. Move it to 2.
Warning: host 101 is assigned to disabled PM #0. Move it to 2.
Warning: host 102 is assigned to disabled PM #1. Move it to 2.
Warning: host 104 is assigned to disabled PM #1. Move it to 2.
Warning: host 112 is assigned to disabled PM #1. Move it to 2.
Warning: host 141 is assigned to disabled PM #1. Move it to 2.
Warning: host 146 is assigned to disabled PM #0. Move it to 2.
Warning: host 147 is assigned to disabled PM #1. Move it to 2.
Warning: host 205 is assigned to disabled PM #1. Move it to 2.
Warning: host 214 is assigned to disabled PM #0. Move it to 2.
Warning: host 215 is assigned to disabled PM #0. Move it to 2.
Warning: host 216 is assigned to disabled PM #1. Move it to 2.
Warning: host 217 is assigned to disabled PM #1. Move it to 2.
Warning: host 218 is assigned to disabled PM #0. Move it to 2.
Warning: host 237 is assigned to disabled PM #1. Move it to 2.
Warning: host 252 is assigned to disabled PM #1. Move it to 2.
Warning: host 294 is assigned to disabled PM #1. Move it to 2.
Warning: host 295 is assigned to disabled PM #0. Move it to 2.
Warning: host 298 is assigned to disabled PM #1. Move it to 2.
host_usage (updated): {
  0:  0,  1:  0,  2: 143,  3: 267,  4:  0,  5:  0,  6:  0,  7:  0, 
  8:  0,  9:  0, 10:  0, 11:  0, 12:  0, 13:  0, 14:  0, 15:  0, 
 16:  0, 17:  0, 18:  0, 19:  0
}

PM 0 is disabled in this iteration.

PM 1 is disabled in this iteration.

PM 2 is over-utilized. Its CPU usage is 143 + 10 = 153.
  |- Accum. usage=10.00, New usage=10.00, Next usage=10.

PM 3 is over-utilized. Its CPU usage is 267 + 10 = 277.
  |- Accum. usage=10.00, New usage=10.00, Next usage=10.

usage (updated): {
  0: 10,  1: 10,  2: 10,  3: 10
}

Iteration 1 gives same assignment as 0. Stop.

Run Another Problem? 
